<?xml version="1.0" encoding="UTF-8"?>
<!-- Generated by org.testng.reporters.JUnitReportReporter -->
<testsuite hostname="DESKTOP-HR62PVD" name="keywordDrivenExecute.FieldValidateScripts" tests="1" failures="0" timestamp="27 May 2023 10:54:30 GMT" time="8.978" errors="0">
  <testcase name="runScripts" time="8.978" classname="keywordDrivenExecute.FieldValidateScripts"/>
</testsuite> <!-- keywordDrivenExecute.FieldValidateScripts -->
